<?xml version="1.0" encoding="UTF-8"?>
<testsuite xmlns:xsi="http://www.w3.org/2001/XMLSchema-instance" xsi:noNamespaceSchemaLocation="https://maven.apache.org/surefire/maven-surefire-plugin/xsd/surefire-test-report.xsd" name="nerdschool.bar.PubPricesTest" time="0.035" tests="11" errors="0" skipped="0" failures="0">
  <properties>
    <property name="gopherProxySet" value="false"/>
    <property name="awt.toolkit" value="sun.lwawt.macosx.LWCToolkit"/>
    <property name="file.encoding.pkg" value="sun.io"/>
    <property name="java.specification.version" value="1.8"/>
    <property name="sun.cpu.isalist" value=""/>
    <property name="sun.jnu.encoding" value="UTF-8"/>
    <property name="java.class.path" value="/Users/maytawee/code_smell_test/target/test-classes:/Users/maytawee/code_smell_test/target/classes:/Users/maytawee/.m2/repository/org/junit/jupiter/junit-jupiter-engine/5.6.2/junit-jupiter-engine-5.6.2.jar:/Users/maytawee/.m2/repository/org/apiguardian/apiguardian-api/1.1.0/apiguardian-api-1.1.0.jar:/Users/maytawee/.m2/repository/org/junit/platform/junit-platform-engine/1.6.2/junit-platform-engine-1.6.2.jar:/Users/maytawee/.m2/repository/org/junit/jupiter/junit-jupiter-api/5.6.2/junit-jupiter-api-5.6.2.jar:/Users/maytawee/.m2/repository/org/opentest4j/opentest4j/1.2.0/opentest4j-1.2.0.jar:/Users/maytawee/.m2/repository/org/junit/platform/junit-platform-commons/1.6.2/junit-platform-commons-1.6.2.jar:/Users/maytawee/.m2/repository/org/apache/maven/plugins/maven-compiler-plugin/3.2/maven-compiler-plugin-3.2.jar:/Users/maytawee/.m2/repository/org/apache/maven/maven-plugin-api/2.0.9/maven-plugin-api-2.0.9.jar:/Users/maytawee/.m2/repository/org/apache/maven/maven-artifact/2.0.9/maven-artifact-2.0.9.jar:/Users/maytawee/.m2/repository/org/codehaus/plexus/plexus-utils/1.5.1/plexus-utils-1.5.1.jar:/Users/maytawee/.m2/repository/org/apache/maven/maven-core/2.0.9/maven-core-2.0.9.jar:/Users/maytawee/.m2/repository/org/apache/maven/maven-settings/2.0.9/maven-settings-2.0.9.jar:/Users/maytawee/.m2/repository/org/apache/maven/maven-plugin-parameter-documenter/2.0.9/maven-plugin-parameter-documenter-2.0.9.jar:/Users/maytawee/.m2/repository/org/apache/maven/wagon/wagon-webdav/1.0-beta-2/wagon-webdav-1.0-beta-2.jar:/Users/maytawee/.m2/repository/slide/slide-webdavlib/2.1/slide-webdavlib-2.1.jar:/Users/maytawee/.m2/repository/commons-httpclient/commons-httpclient/2.0.2/commons-httpclient-2.0.2.jar:/Users/maytawee/.m2/repository/jdom/jdom/1.0/jdom-1.0.jar:/Users/maytawee/.m2/repository/de/zeigermann/xml/xml-im-exporter/1.1/xml-im-exporter-1.1.jar:/Users/maytawee/.m2/repository/commons-logging/commons-logging/1.0.4/commons-logging-1.0.4.jar:/Users/maytawee/.m2/repository/org/apache/maven/maven-profile/2.0.9/maven-profile-2.0.9.jar:/Users/maytawee/.m2/repository/org/apache/maven/maven-model/2.0.9/maven-model-2.0.9.jar:/Users/maytawee/.m2/repository/org/apache/maven/wagon/wagon-provider-api/1.0-beta-2/wagon-provider-api-1.0-beta-2.jar:/Users/maytawee/.m2/repository/org/apache/maven/maven-repository-metadata/2.0.9/maven-repository-metadata-2.0.9.jar:/Users/maytawee/.m2/repository/org/apache/maven/maven-error-diagnostics/2.0.9/maven-error-diagnostics-2.0.9.jar:/Users/maytawee/.m2/repository/org/apache/maven/maven-project/2.0.9/maven-project-2.0.9.jar:/Users/maytawee/.m2/repository/org/apache/maven/maven-plugin-registry/2.0.9/maven-plugin-registry-2.0.9.jar:/Users/maytawee/.m2/repository/org/apache/maven/maven-plugin-descriptor/2.0.9/maven-plugin-descriptor-2.0.9.jar:/Users/maytawee/.m2/repository/org/apache/maven/maven-artifact-manager/2.0.9/maven-artifact-manager-2.0.9.jar:/Users/maytawee/.m2/repository/org/apache/maven/maven-monitor/2.0.9/maven-monitor-2.0.9.jar:/Users/maytawee/.m2/repository/org/apache/maven/maven-toolchain/1.0/maven-toolchain-1.0.jar:/Users/maytawee/.m2/repository/org/apache/maven/shared/maven-shared-utils/0.1/maven-shared-utils-0.1.jar:/Users/maytawee/.m2/repository/com/google/code/findbugs/jsr305/2.0.1/jsr305-2.0.1.jar:/Users/maytawee/.m2/repository/org/apache/maven/shared/maven-shared-incremental/1.1/maven-shared-incremental-1.1.jar:/Users/maytawee/.m2/repository/org/codehaus/plexus/plexus-component-annotations/1.5.5/plexus-component-annotations-1.5.5.jar:/Users/maytawee/.m2/repository/org/codehaus/plexus/plexus-compiler-api/2.4/plexus-compiler-api-2.4.jar:/Users/maytawee/.m2/repository/org/codehaus/plexus/plexus-compiler-manager/2.4/plexus-compiler-manager-2.4.jar:/Users/maytawee/.m2/repository/org/codehaus/plexus/plexus-compiler-javac/2.4/plexus-compiler-javac-2.4.jar:/Users/maytawee/.m2/repository/org/codehaus/plexus/plexus-container-default/1.5.5/plexus-container-default-1.5.5.jar:/Users/maytawee/.m2/repository/org/codehaus/plexus/plexus-classworlds/2.2.2/plexus-classworlds-2.2.2.jar:/Users/maytawee/.m2/repository/org/apache/xbean/xbean-reflect/3.4/xbean-reflect-3.4.jar:/Users/maytawee/.m2/repository/log4j/log4j/1.2.12/log4j-1.2.12.jar:/Users/maytawee/.m2/repository/commons-logging/commons-logging-api/1.1/commons-logging-api-1.1.jar:/Users/maytawee/.m2/repository/com/google/collections/google-collections/1.0/google-collections-1.0.jar:/Users/maytawee/.m2/repository/junit/junit/3.8.2/junit-3.8.2.jar:"/>
    <property name="java.vm.vendor" value="Oracle Corporation"/>
    <property name="sun.arch.data.model" value="64"/>
    <property name="java.vendor.url" value="http://java.oracle.com/"/>
    <property name="user.timezone" value=""/>
    <property name="java.vm.specification.version" value="1.8"/>
    <property name="os.name" value="Mac OS X"/>
    <property name="user.country" value="TH"/>
    <property name="sun.java.launcher" value="SUN_STANDARD"/>
    <property name="sun.boot.library.path" value="/Library/Java/JavaVirtualMachines/jdk1.8.0_221.jdk/Contents/Home/jre/lib"/>
    <property name="sun.java.command" value="/Users/maytawee/code_smell_test/target/surefire/surefirebooter8650822708044549338.jar /Users/maytawee/code_smell_test/target/surefire 2021-02-13T19-47-04_533-jvmRun1 surefire1561193153629617274tmp surefire_0823442619049969664tmp"/>
    <property name="http.nonProxyHosts" value="local|*.local|169.254/16|*.169.254/16"/>
    <property name="surefire.test.class.path" value="/Users/maytawee/code_smell_test/target/test-classes:/Users/maytawee/code_smell_test/target/classes:/Users/maytawee/.m2/repository/org/junit/jupiter/junit-jupiter-engine/5.6.2/junit-jupiter-engine-5.6.2.jar:/Users/maytawee/.m2/repository/org/apiguardian/apiguardian-api/1.1.0/apiguardian-api-1.1.0.jar:/Users/maytawee/.m2/repository/org/junit/platform/junit-platform-engine/1.6.2/junit-platform-engine-1.6.2.jar:/Users/maytawee/.m2/repository/org/junit/jupiter/junit-jupiter-api/5.6.2/junit-jupiter-api-5.6.2.jar:/Users/maytawee/.m2/repository/org/opentest4j/opentest4j/1.2.0/opentest4j-1.2.0.jar:/Users/maytawee/.m2/repository/org/junit/platform/junit-platform-commons/1.6.2/junit-platform-commons-1.6.2.jar:/Users/maytawee/.m2/repository/org/apache/maven/plugins/maven-compiler-plugin/3.2/maven-compiler-plugin-3.2.jar:/Users/maytawee/.m2/repository/org/apache/maven/maven-plugin-api/2.0.9/maven-plugin-api-2.0.9.jar:/Users/maytawee/.m2/repository/org/apache/maven/maven-artifact/2.0.9/maven-artifact-2.0.9.jar:/Users/maytawee/.m2/repository/org/codehaus/plexus/plexus-utils/1.5.1/plexus-utils-1.5.1.jar:/Users/maytawee/.m2/repository/org/apache/maven/maven-core/2.0.9/maven-core-2.0.9.jar:/Users/maytawee/.m2/repository/org/apache/maven/maven-settings/2.0.9/maven-settings-2.0.9.jar:/Users/maytawee/.m2/repository/org/apache/maven/maven-plugin-parameter-documenter/2.0.9/maven-plugin-parameter-documenter-2.0.9.jar:/Users/maytawee/.m2/repository/org/apache/maven/wagon/wagon-webdav/1.0-beta-2/wagon-webdav-1.0-beta-2.jar:/Users/maytawee/.m2/repository/slide/slide-webdavlib/2.1/slide-webdavlib-2.1.jar:/Users/maytawee/.m2/repository/commons-httpclient/commons-httpclient/2.0.2/commons-httpclient-2.0.2.jar:/Users/maytawee/.m2/repository/jdom/jdom/1.0/jdom-1.0.jar:/Users/maytawee/.m2/repository/de/zeigermann/xml/xml-im-exporter/1.1/xml-im-exporter-1.1.jar:/Users/maytawee/.m2/repository/commons-logging/commons-logging/1.0.4/commons-logging-1.0.4.jar:/Users/maytawee/.m2/repository/org/apache/maven/maven-profile/2.0.9/maven-profile-2.0.9.jar:/Users/maytawee/.m2/repository/org/apache/maven/maven-model/2.0.9/maven-model-2.0.9.jar:/Users/maytawee/.m2/repository/org/apache/maven/wagon/wagon-provider-api/1.0-beta-2/wagon-provider-api-1.0-beta-2.jar:/Users/maytawee/.m2/repository/org/apache/maven/maven-repository-metadata/2.0.9/maven-repository-metadata-2.0.9.jar:/Users/maytawee/.m2/repository/org/apache/maven/maven-error-diagnostics/2.0.9/maven-error-diagnostics-2.0.9.jar:/Users/maytawee/.m2/repository/org/apache/maven/maven-project/2.0.9/maven-project-2.0.9.jar:/Users/maytawee/.m2/repository/org/apache/maven/maven-plugin-registry/2.0.9/maven-plugin-registry-2.0.9.jar:/Users/maytawee/.m2/repository/org/apache/maven/maven-plugin-descriptor/2.0.9/maven-plugin-descriptor-2.0.9.jar:/Users/maytawee/.m2/repository/org/apache/maven/maven-artifact-manager/2.0.9/maven-artifact-manager-2.0.9.jar:/Users/maytawee/.m2/repository/org/apache/maven/maven-monitor/2.0.9/maven-monitor-2.0.9.jar:/Users/maytawee/.m2/repository/org/apache/maven/maven-toolchain/1.0/maven-toolchain-1.0.jar:/Users/maytawee/.m2/repository/org/apache/maven/shared/maven-shared-utils/0.1/maven-shared-utils-0.1.jar:/Users/maytawee/.m2/repository/com/google/code/findbugs/jsr305/2.0.1/jsr305-2.0.1.jar:/Users/maytawee/.m2/repository/org/apache/maven/shared/maven-shared-incremental/1.1/maven-shared-incremental-1.1.jar:/Users/maytawee/.m2/repository/org/codehaus/plexus/plexus-component-annotations/1.5.5/plexus-component-annotations-1.5.5.jar:/Users/maytawee/.m2/repository/org/codehaus/plexus/plexus-compiler-api/2.4/plexus-compiler-api-2.4.jar:/Users/maytawee/.m2/repository/org/codehaus/plexus/plexus-compiler-manager/2.4/plexus-compiler-manager-2.4.jar:/Users/maytawee/.m2/repository/org/codehaus/plexus/plexus-compiler-javac/2.4/plexus-compiler-javac-2.4.jar:/Users/maytawee/.m2/repository/org/codehaus/plexus/plexus-container-default/1.5.5/plexus-container-default-1.5.5.jar:/Users/maytawee/.m2/repository/org/codehaus/plexus/plexus-classworlds/2.2.2/plexus-classworlds-2.2.2.jar:/Users/maytawee/.m2/repository/org/apache/xbean/xbean-reflect/3.4/xbean-reflect-3.4.jar:/Users/maytawee/.m2/repository/log4j/log4j/1.2.12/log4j-1.2.12.jar:/Users/maytawee/.m2/repository/commons-logging/commons-logging-api/1.1/commons-logging-api-1.1.jar:/Users/maytawee/.m2/repository/com/google/collections/google-collections/1.0/google-collections-1.0.jar:/Users/maytawee/.m2/repository/junit/junit/3.8.2/junit-3.8.2.jar:"/>
    <property name="sun.cpu.endian" value="little"/>
    <property name="user.home" value="/Users/maytawee"/>
    <property name="user.language" value="en"/>
    <property name="java.specification.vendor" value="Oracle Corporation"/>
    <property name="java.home" value="/Library/Java/JavaVirtualMachines/jdk1.8.0_221.jdk/Contents/Home/jre"/>
    <property name="basedir" value="/Users/maytawee/code_smell_test"/>
    <property name="file.separator" value="/"/>
    <property name="line.separator" value="&#10;"/>
    <property name="java.vm.specification.vendor" value="Oracle Corporation"/>
    <property name="java.specification.name" value="Java Platform API Specification"/>
    <property name="java.awt.graphicsenv" value="sun.awt.CGraphicsEnvironment"/>
    <property name="surefire.real.class.path" value="/Users/maytawee/code_smell_test/target/surefire/surefirebooter8650822708044549338.jar"/>
    <property name="sun.boot.class.path" value="/Library/Java/JavaVirtualMachines/jdk1.8.0_221.jdk/Contents/Home/jre/lib/resources.jar:/Library/Java/JavaVirtualMachines/jdk1.8.0_221.jdk/Contents/Home/jre/lib/rt.jar:/Library/Java/JavaVirtualMachines/jdk1.8.0_221.jdk/Contents/Home/jre/lib/sunrsasign.jar:/Library/Java/JavaVirtualMachines/jdk1.8.0_221.jdk/Contents/Home/jre/lib/jsse.jar:/Library/Java/JavaVirtualMachines/jdk1.8.0_221.jdk/Contents/Home/jre/lib/jce.jar:/Library/Java/JavaVirtualMachines/jdk1.8.0_221.jdk/Contents/Home/jre/lib/charsets.jar:/Library/Java/JavaVirtualMachines/jdk1.8.0_221.jdk/Contents/Home/jre/lib/jfr.jar:/Library/Java/JavaVirtualMachines/jdk1.8.0_221.jdk/Contents/Home/jre/classes"/>
    <property name="sun.management.compiler" value="HotSpot 64-Bit Tiered Compilers"/>
    <property name="ftp.nonProxyHosts" value="local|*.local|169.254/16|*.169.254/16"/>
    <property name="java.runtime.version" value="1.8.0_221-b11"/>
    <property name="user.name" value="maytawee"/>
    <property name="path.separator" value=":"/>
    <property name="os.version" value="10.16"/>
    <property name="java.endorsed.dirs" value="/Library/Java/JavaVirtualMachines/jdk1.8.0_221.jdk/Contents/Home/jre/lib/endorsed"/>
    <property name="java.runtime.name" value="Java(TM) SE Runtime Environment"/>
    <property name="file.encoding" value="UTF-8"/>
    <property name="java.vm.name" value="Java HotSpot(TM) 64-Bit Server VM"/>
    <property name="localRepository" value="/Users/maytawee/.m2/repository"/>
    <property name="java.vendor.url.bug" value="http://bugreport.sun.com/bugreport/"/>
    <property name="java.io.tmpdir" value="/var/folders/jc/0y2yjhs562vcrbmgsjx3r56c0000gn/T/"/>
    <property name="java.version" value="1.8.0_221"/>
    <property name="user.dir" value="/Users/maytawee/code_smell_test"/>
    <property name="os.arch" value="x86_64"/>
    <property name="java.vm.specification.name" value="Java Virtual Machine Specification"/>
    <property name="java.awt.printerjob" value="sun.lwawt.macosx.CPrinterJob"/>
    <property name="sun.os.patch.level" value="unknown"/>
    <property name="java.library.path" value="/Users/maytawee/Library/Java/Extensions:/Library/Java/Extensions:/Network/Library/Java/Extensions:/System/Library/Java/Extensions:/usr/lib/java:."/>
    <property name="java.vm.info" value="mixed mode"/>
    <property name="java.vendor" value="Oracle Corporation"/>
    <property name="java.vm.version" value="25.221-b11"/>
    <property name="java.ext.dirs" value="/Users/maytawee/Library/Java/Extensions:/Library/Java/JavaVirtualMachines/jdk1.8.0_221.jdk/Contents/Home/jre/lib/ext:/Library/Java/Extensions:/Network/Library/Java/Extensions:/System/Library/Java/Extensions:/usr/lib/java"/>
    <property name="sun.io.unicode.encoding" value="UnicodeBig"/>
    <property name="java.class.version" value="52.0"/>
    <property name="socksNonProxyHosts" value="local|*.local|169.254/16|*.169.254/16"/>
  </properties>
  <testcase name="testThatADrinkNotInTheSortimentGivesError" classname="nerdschool.bar.PubPricesTest" time="0.017"/>
  <testcase name="testCidersAreCostly" classname="nerdschool.bar.PubPricesTest" time="0.001"/>
  <testcase name="testProperCidersAreEvenMoreExpensive" classname="nerdschool.bar.PubPricesTest" time="0"/>
  <testcase name="testACocktail" classname="nerdschool.bar.PubPricesTest" time="0"/>
  <testcase name="testBacardiSpecial" classname="nerdschool.bar.PubPricesTest" time="0.001"/>
  <testcase name="oneBeerTest" classname="nerdschool.bar.PubPricesTest" time="0.001"/>
  <testcase name="testCanOrderMoreThanTwoBeers" classname="nerdschool.bar.PubPricesTest$MultipleDrinks" time="0"/>
  <testcase name="testCanBuyAtMostTwoDrinksInOneGo" classname="nerdschool.bar.PubPricesTest$MultipleDrinks" time="0.001"/>
  <testcase name="testStudentsGetADiscountForBeer" classname="nerdschool.bar.PubPricesTest$Students" time="0.001"/>
  <testcase name="testStudentsGetDiscountsWhenOrderingMoreThanOneBeer" classname="nerdschool.bar.PubPricesTest$Students" time="0"/>
  <testcase name="testStudentsDoNotGetDiscountsForCocktails" classname="nerdschool.bar.PubPricesTest$Students" time="0"/>
</testsuite>